<?xml version="1.0" encoding="UTF-8"?>
<testsuite xmlns:xsi="http://www.w3.org/2001/XMLSchema-instance" xsi:noNamespaceSchemaLocation="https://maven.apache.org/surefire/maven-surefire-plugin/xsd/surefire-test-report-3.0.xsd" version="3.0" name="UserAuthentication.Service.UserServiceImplTest" time="2.761" tests="4" errors="0" skipped="0" failures="0">
  <properties>
[...]
</properties>
  <testcase name="testGetUser_notFound" classname="UserAuthentication.Service.UserServiceImplTest" time="2.619">
    <system-out><![CDATA[13:41:26.622 [main] INFO UserAuthentication.Service.UserServiceImpl -- Fetching user by ID: 
13:41:26.639 [main] WARN UserAuthentication.Service.UserServiceImpl -- User not found for ID: 
]]></system-out>
    <system-err><![CDATA[WARNING: A Java agent has been loaded dynamically (C:\Users\anoop\.m2\repository\net\bytebuddy\byte-buddy-agent\1.14.19\byte-buddy-agent-1.14.19.jar)
WARNING: If a serviceability tool is in use, please run with -XX:+EnableDynamicAgentLoading to hide this warning
WARNING: If a serviceability tool is not in use, please run with -Djdk.instrument.traceUsage for more information
WARNING: Dynamic loading of agents will be disallowed by default in a future release
]]></system-err>
  </testcase>
  <testcase name="testGetUser_success" classname="UserAuthentication.Service.UserServiceImplTest" time="0.016">
    <system-out><![CDATA[13:41:26.681 [main] INFO UserAuthentication.Service.UserServiceImpl -- Fetching user by ID: 
13:41:26.684 [main] INFO UserAuthentication.Service.UserServiceImpl -- User found: 
]]></system-out>
  </testcase>
  <testcase name="testLogin_success" classname="UserAuthentication.Service.UserServiceImplTest" time="0.028">
    <system-out><![CDATA[13:41:26.715 [main] INFO UserAuthentication.Service.UserServiceImpl -- Login request for email: anoop@gmail.com
13:41:26.719 [main] INFO UserAuthentication.Service.UserServiceImpl -- Login successful for user: 
]]></system-out>
  </testcase>
  <testcase name="testRegisterUser_success" classname="UserAuthentication.Service.UserServiceImplTest" time="0.029">
    <system-out><![CDATA[13:41:26.734 [main] INFO UserAuthentication.Service.UserServiceImpl -- Starting registration for user: 
13:41:26.735 [main] INFO UserAuthentication.Service.UserServiceImpl -- User registered successfully with email: 
]]></system-out>
  </testcase>
</testsuite>